<?xml version="1.0" encoding="UTF-8"?>
<!-- Generated by org.testng.reporters.JUnitXMLReporter -->
<testsuite ignored="0" hostname="DESKTOP-1MDKN0N" failures="0" tests="3" name="Test2" time="246.622" errors="0" timestamp="2023-09-10T21:56:33 IST">
  <testcase classname="org.task.CrossBrowserClass" name="Search" time="216.713"/>
  <testcase classname="org.task.CrossBrowserClass" name="ClickBtn" time="28.688"/>
  <testcase classname="org.task.CrossBrowserClass" name="ClickCart" time="0.979"/>
</testsuite> <!-- Test2 -->
