<?xml version="1.0" encoding="UTF-8"?>
<!-- Generated by org.testng.reporters.JUnitXMLReporter -->
<testsuite ignored="0" hostname="DESKTOP-1MDKN0N" failures="0" tests="3" name="Test1" time="234.04" errors="0" timestamp="2023-09-10T21:56:20 IST">
  <testcase classname="org.task.CrossBrowserClass" name="Search" time="205.647"/>
  <testcase classname="org.task.CrossBrowserClass" name="ClickBtn" time="26.657"/>
  <testcase classname="org.task.CrossBrowserClass" name="ClickCart" time="1.475"/>
</testsuite> <!-- Test1 -->
